0 info it worked if it ends with ok
1 verbose cli [ '/usr/local/Cellar/node/7.6.0/bin/node',
1 verbose cli   '/usr/local/bin/npm',
1 verbose cli   'run',
1 verbose cli   'bundle' ]
2 info using npm@4.1.2
3 info using node@v7.6.0
4 verbose run-script [ 'prebundle', 'bundle', 'postbundle' ]
5 info lifecycle angular-cbc-example-app@1.0.0~prebundle: angular-cbc-example-app@1.0.0
6 silly lifecycle angular-cbc-example-app@1.0.0~prebundle: no script for prebundle, continuing
7 info lifecycle angular-cbc-example-app@1.0.0~bundle: angular-cbc-example-app@1.0.0
8 verbose lifecycle angular-cbc-example-app@1.0.0~bundle: unsafe-perm in lifecycle true
9 verbose lifecycle angular-cbc-example-app@1.0.0~bundle: PATH: /usr/local/lib/node_modules/npm/bin/node-gyp-bin:/Users/flaviotulino/workspace/AngularCbC/app/node_modules/.bin:.git/safe/../../bin:/Users/flaviotulino/.rbenv/shims:/Users/flaviotulino/.bin:/usr/local/sbin:/usr/bin:/bin:/usr/sbin:/sbin:/usr/local/bin:/opt/X11/bin
10 verbose lifecycle angular-cbc-example-app@1.0.0~bundle: CWD: /Users/flaviotulino/workspace/AngularCbC/app
11 silly lifecycle angular-cbc-example-app@1.0.0~bundle: Args: [ '-c', 'webpack -p' ]
12 info lifecycle angular-cbc-example-app@1.0.0~bundle: Failed to exec bundle script
13 verbose stack Error: angular-cbc-example-app@1.0.0 bundle: `webpack -p`
13 verbose stack spawn ENOENT
13 verbose stack     at ChildProcess.<anonymous> (/usr/local/lib/node_modules/npm/lib/utils/spawn.js:33:16)
13 verbose stack     at emitTwo (events.js:106:13)
13 verbose stack     at ChildProcess.emit (events.js:192:7)
13 verbose stack     at maybeClose (internal/child_process.js:890:16)
13 verbose stack     at Process.ChildProcess._handle.onexit (internal/child_process.js:226:5)
14 verbose pkgid angular-cbc-example-app@1.0.0
15 verbose cwd /Users/flaviotulino/workspace/AngularCbC/app
16 error Darwin 16.0.0
17 error argv "/usr/local/Cellar/node/7.6.0/bin/node" "/usr/local/bin/npm" "run" "bundle"
18 error node v7.6.0
19 error npm  v4.1.2
20 error file sh
21 error code ELIFECYCLE
22 error errno ENOENT
23 error syscall spawn
24 error angular-cbc-example-app@1.0.0 bundle: `webpack -p`
24 error spawn ENOENT
25 error Failed at the angular-cbc-example-app@1.0.0 bundle script 'webpack -p'.
25 error Make sure you have the latest version of node.js and npm installed.
25 error If you do, this is most likely a problem with the angular-cbc-example-app package,
25 error not with npm itself.
25 error Tell the author that this fails on your system:
25 error     webpack -p
25 error You can get information on how to open an issue for this project with:
25 error     npm bugs angular-cbc-example-app
25 error Or if that isn't available, you can get their info via:
25 error     npm owner ls angular-cbc-example-app
25 error There is likely additional logging output above.
26 verbose exit [ 1, true ]
